;  LST file generated by mikroListExporter - v.2.0 
; Date/Time: 3/06/2021 2:46:08 a. m.
;----------------------------------------------

;Address Opcode 	ASM
0x0000	0xF001EF98  	GOTO        816
0x0004	0x0000      	NOP
0x0006	0x0000      	NOP
0x0008	0xF000EF00  	GOTO        0
0x000C	0x0000      	NOP
0x000E	0x0000      	NOP
0x0010	0x0000      	NOP
0x0012	0x0000      	NOP
0x0014	0x0000      	NOP
0x0016	0x0000      	NOP
0x0018	0xD7F3      	BRA         0
_UART1_Write:
;__Lib_UART_c67.c,58 :: 		
;__Lib_UART_c67.c,59 :: 		
L_UART1_Write3:
0x001C	0xB2AC      	BTFSC       TXSTA, 1 
0x001E	0xD002      	BRA         L_UART1_Write4
;__Lib_UART_c67.c,60 :: 		
0x0020	0x0000      	NOP
0x0022	0xD7FC      	BRA         L_UART1_Write3
L_UART1_Write4:
;__Lib_UART_c67.c,61 :: 		
0x0024	0xFFADC060  	MOVFF       FARG_UART1_Write_data_, TXREG
;__Lib_UART_c67.c,62 :: 		
L_end_UART1_Write:
0x0028	0x0012      	RETURN      0
; end of _UART1_Write
_____DoIFC:
;__Lib_System.c,93 :: 		
;__Lib_System.c,94 :: 		
0x002A	0x50F2      	MOVF        INTCON, 0, 0
;__Lib_System.c,95 :: 		
0x002C	0x6E02      	MOVWF       R2, 0
;__Lib_System.c,96 :: 		
0x002E	0x9EF2      	BCF         INTCON, 7 
;__Lib_System.c,97 :: 		
0x0030	0x0005      	PUSH
;__Lib_System.c,98 :: 		
0x0032	0x6AFF      	CLRF        TOSU, 0
;__Lib_System.c,99 :: 		
0x0034	0x5001      	MOVF        R1, 0, 0
;__Lib_System.c,100 :: 		
0x0036	0x6EFE      	MOVWF       TOSH, 0
;__Lib_System.c,101 :: 		
0x0038	0x5000      	MOVF        R0, 0, 0
;__Lib_System.c,102 :: 		
0x003A	0x6EFD      	MOVWF       TOSL, 0
;__Lib_System.c,103 :: 		
0x003C	0xBE02      	BTFSC       R2, 7, 0
;__Lib_System.c,104 :: 		
0x003E	0x8EF2      	BSF         INTCON, 7, 0
;__Lib_System.c,105 :: 		
;__Lib_System.c,107 :: 		
L_end_____DoIFC:
0x0040	0x0012      	RETURN      0
; end of _____DoIFC
_I2C1_Is_Idle:
;__Lib_I2C_b10.c,30 :: 		
;__Lib_I2C_b10.c,31 :: 		
0x0042	0xB4C7      	BTFSC       SSPSTAT, 2 
0x0044	0xD009      	BRA         L_I2C1_Is_Idle0
;__Lib_I2C_b10.c,32 :: 		
0x0046	0x0E1F      	MOVLW       31
0x0048	0x14C5      	ANDWF       SSPCON2, 0 
0x004A	0x6E01      	MOVWF       R1 
0x004C	0x5001      	MOVF        R1, 0 
0x004E	0x0A00      	XORLW       0
0x0050	0xE103      	BNZ         L_I2C1_Is_Idle1
;__Lib_I2C_b10.c,33 :: 		
0x0052	0x0E01      	MOVLW       1
0x0054	0x6E00      	MOVWF       R0 
0x0056	0xD001      	BRA         L_end_I2C1_Is_Idle
L_I2C1_Is_Idle1:
L_I2C1_Is_Idle0:
;__Lib_I2C_b10.c,34 :: 		
0x0058	0x6A00      	CLRF        R0 
;__Lib_I2C_b10.c,35 :: 		
L_end_I2C1_Is_Idle:
0x005A	0x0012      	RETURN      0
; end of _I2C1_Is_Idle
_Div_8X8_U:
;__Lib_Math.c,77 :: 		
;__Lib_Math.c,84 :: 		
0x005C	0x6A08      	CLRF        R8, 0
;__Lib_Math.c,85 :: 		
0x005E	0x0E08      	MOVLW       8
;__Lib_Math.c,86 :: 		
0x0060	0x6E0C      	MOVWF       R12, 0
;__Lib_Math.c,87 :: 		
0x0062	0x3400      	RLCF        R0, 0, 0
;__Lib_Math.c,88 :: 		
0x0064	0x3608      	RLCF        R8, 1, 0
;__Lib_Math.c,89 :: 		
0x0066	0x5004      	MOVF        R4, 0, 0
;__Lib_Math.c,90 :: 		
0x0068	0x5E08      	SUBWF       R8, 1, 0
;__Lib_Math.c,91 :: 		
0x006A	0xB0D8      	BTFSC       STATUS, 0, 0
;__Lib_Math.c,92 :: 		
0x006C	0xD002      	BRA         $+6
;__Lib_Math.c,93 :: 		
0x006E	0x2608      	ADDWF       R8, 1, 0
;__Lib_Math.c,94 :: 		
0x0070	0x90D8      	BCF         STATUS, 0, 0
;__Lib_Math.c,95 :: 		
0x0072	0x3600      	RLCF        R0, 1, 0
;__Lib_Math.c,96 :: 		
0x0074	0x2E0C      	DECFSZ      R12, 1, 0
;__Lib_Math.c,97 :: 		
0x0076	0xD7F5      	BRA         $-20
;__Lib_Math.c,99 :: 		
L_end_Div_8X8_U:
0x0078	0x0012      	RETURN      0
; end of _Div_8X8_U
_I2C1_Start:
;__Lib_I2C_b10.c,37 :: 		
;__Lib_I2C_b10.c,41 :: 		
0x007A	0xF061C015  	MOVFF       __Lib_I2C_b10__I2C1_TIMEOUT, I2C1_Start_timeout_L0
0x007E	0xF062C016  	MOVFF       __Lib_I2C_b10__I2C1_TIMEOUT+1, I2C1_Start_timeout_L0+1
0x0082	0xF063C017  	MOVFF       __Lib_I2C_b10__I2C1_TIMEOUT+2, I2C1_Start_timeout_L0+2
0x0086	0xF064C018  	MOVFF       __Lib_I2C_b10__I2C1_TIMEOUT+3, I2C1_Start_timeout_L0+3
;__Lib_I2C_b10.c,43 :: 		
0x008A	0x6A5B      	CLRF        I2C1_Start_j_L0 
0x008C	0x6A5C      	CLRF        I2C1_Start_j_L0+1 
L_I2C1_Start2:
0x008E	0x505C      	MOVF        I2C1_Start_j_L0+1, 0 
0x0090	0x0812      	SUBLW       18
0x0092	0xE102      	BNZ         L__I2C1_Start39
0x0094	0x505B      	MOVF        I2C1_Start_j_L0, 0 
0x0096	0x088E      	SUBLW       142
L__I2C1_Start39:
0x0098	0xE307      	BNC         L_I2C1_Start3
;__Lib_I2C_b10.c,44 :: 		
0x009A	0xDFD3      	RCALL       _I2C1_Is_Idle
0x009C	0x5200      	MOVF        R0, 1 
0x009E	0xE001      	BZ          L_I2C1_Start5
;__Lib_I2C_b10.c,45 :: 		
0x00A0	0xD003      	BRA         L_I2C1_Start3
L_I2C1_Start5:
;__Lib_I2C_b10.c,43 :: 		
0x00A2	0x4A5B      	INFSNZ      I2C1_Start_j_L0, 1 
0x00A4	0x2A5C      	INCF        I2C1_Start_j_L0+1, 1 
;__Lib_I2C_b10.c,46 :: 		
0x00A6	0xD7F3      	BRA         L_I2C1_Start2
L_I2C1_Start3:
;__Lib_I2C_b10.c,48 :: 		
0x00A8	0x0E12      	MOVLW       18
0x00AA	0x5C5C      	SUBWF       I2C1_Start_j_L0+1, 0 
0x00AC	0xE102      	BNZ         L__I2C1_Start40
0x00AE	0x0E8F      	MOVLW       143
0x00B0	0x5C5B      	SUBWF       I2C1_Start_j_L0, 0 
L__I2C1_Start40:
0x00B2	0xE303      	BNC         L_I2C1_Start6
;__Lib_I2C_b10.c,49 :: 		
0x00B4	0x0E7B      	MOVLW       123
0x00B6	0x6E00      	MOVWF       R0 
0x00B8	0xD025      	BRA         L_end_I2C1_Start
L_I2C1_Start6:
;__Lib_I2C_b10.c,51 :: 		
0x00BA	0x80C5      	BSF         SSPCON2, 0 
;__Lib_I2C_b10.c,52 :: 		
L_I2C1_Start8:
0x00BC	0xA0C5      	BTFSS       SSPCON2, 0 
0x00BE	0xD021      	BRA         L_I2C1_Start9
;__Lib_I2C_b10.c,54 :: 		
0x00C0	0x5015      	MOVF        __Lib_I2C_b10__I2C1_TIMEOUT, 0 
0x00C2	0x1016      	IORWF       __Lib_I2C_b10__I2C1_TIMEOUT+1, 0 
0x00C4	0x1017      	IORWF       __Lib_I2C_b10__I2C1_TIMEOUT+2, 0 
0x00C6	0x1018      	IORWF       __Lib_I2C_b10__I2C1_TIMEOUT+3, 0 
0x00C8	0xE01B      	BZ          L_I2C1_Start10
;__Lib_I2C_b10.c,56 :: 		
0x00CA	0x0100      	MOVLB       0
0x00CC	0x5161      	MOVF        I2C1_Start_timeout_L0, 0, 1
0x00CE	0x1162      	IORWF       I2C1_Start_timeout_L0+1, 0, 1
0x00D0	0x1163      	IORWF       I2C1_Start_timeout_L0+2, 0, 1
0x00D2	0x1164      	IORWF       I2C1_Start_timeout_L0+3, 0, 1
0x00D4	0xE10E      	BNZ         L_I2C1_Start11
;__Lib_I2C_b10.c,58 :: 		
0x00D6	0xFFE1C02D  	MOVFF       _I2C1_Timeout_Ptr+2, FSR1
0x00DA	0xFFE2C02E  	MOVFF       _I2C1_Timeout_Ptr+3, FSR1+1
0x00DE	0x0E05      	MOVLW       5
0x00E0	0x6EE6      	MOVWF       POSTINC1 
0x00E2	0xF000C02B  	MOVFF       _I2C1_Timeout_Ptr, R0
0x00E6	0xF001C02C  	MOVFF       _I2C1_Timeout_Ptr+1, R1
0x00EA	0xDF9F      	RCALL       _____DoIFC
;__Lib_I2C_b10.c,59 :: 		
0x00EC	0x0E01      	MOVLW       1
0x00EE	0x6E00      	MOVWF       R0 
0x00F0	0xD009      	BRA         L_end_I2C1_Start
;__Lib_I2C_b10.c,60 :: 		
L_I2C1_Start11:
;__Lib_I2C_b10.c,61 :: 		
0x00F2	0x0E01      	MOVLW       1
0x00F4	0x0100      	MOVLB       0
0x00F6	0x5F61      	SUBWF       I2C1_Start_timeout_L0, 1, 1
0x00F8	0x0E00      	MOVLW       0
0x00FA	0x5B62      	SUBWFB      I2C1_Start_timeout_L0+1, 1, 1
0x00FC	0x5B63      	SUBWFB      I2C1_Start_timeout_L0+2, 1, 1
0x00FE	0x5B64      	SUBWFB      I2C1_Start_timeout_L0+3, 1, 1
;__Lib_I2C_b10.c,62 :: 		
L_I2C1_Start10:
;__Lib_I2C_b10.c,63 :: 		
0x0100	0xD7DD      	BRA         L_I2C1_Start8
L_I2C1_Start9:
;__Lib_I2C_b10.c,64 :: 		
0x0102	0x6A00      	CLRF        R0 
;__Lib_I2C_b10.c,66 :: 		
L_end_I2C1_Start:
0x0104	0x0012      	RETURN      0
; end of _I2C1_Start
_I2C1_Wr:
;__Lib_I2C_b10.c,139 :: 		
;__Lib_I2C_b10.c,142 :: 		
0x0106	0x969E      	BCF         PIR1, 3 
;__Lib_I2C_b10.c,143 :: 		
0x0108	0xFFC9C05B  	MOVFF       FARG_I2C1_Wr_data_, SSPBUF
;__Lib_I2C_b10.c,145 :: 		
0x010C	0xF05CC015  	MOVFF       __Lib_I2C_b10__I2C1_TIMEOUT, I2C1_Wr_timeout_L0
0x0110	0xF05DC016  	MOVFF       __Lib_I2C_b10__I2C1_TIMEOUT+1, I2C1_Wr_timeout_L0+1
0x0114	0xF05EC017  	MOVFF       __Lib_I2C_b10__I2C1_TIMEOUT+2, I2C1_Wr_timeout_L0+2
0x0118	0xF05FC018  	MOVFF       __Lib_I2C_b10__I2C1_TIMEOUT+3, I2C1_Wr_timeout_L0+3
;__Lib_I2C_b10.c,147 :: 		
L_I2C1_Wr26:
0x011C	0xA4C7      	BTFSS       SSPSTAT, 2 
0x011E	0xD01F      	BRA         L_I2C1_Wr27
;__Lib_I2C_b10.c,149 :: 		
0x0120	0x5015      	MOVF        __Lib_I2C_b10__I2C1_TIMEOUT, 0 
0x0122	0x1016      	IORWF       __Lib_I2C_b10__I2C1_TIMEOUT+1, 0 
0x0124	0x1017      	IORWF       __Lib_I2C_b10__I2C1_TIMEOUT+2, 0 
0x0126	0x1018      	IORWF       __Lib_I2C_b10__I2C1_TIMEOUT+3, 0 
0x0128	0xE019      	BZ          L_I2C1_Wr28
;__Lib_I2C_b10.c,151 :: 		
0x012A	0x505C      	MOVF        I2C1_Wr_timeout_L0, 0 
0x012C	0x105D      	IORWF       I2C1_Wr_timeout_L0+1, 0 
0x012E	0x105E      	IORWF       I2C1_Wr_timeout_L0+2, 0 
0x0130	0x105F      	IORWF       I2C1_Wr_timeout_L0+3, 0 
0x0132	0xE10E      	BNZ         L_I2C1_Wr29
;__Lib_I2C_b10.c,153 :: 		
0x0134	0xFFE1C02D  	MOVFF       _I2C1_Timeout_Ptr+2, FSR1
0x0138	0xFFE2C02E  	MOVFF       _I2C1_Timeout_Ptr+3, FSR1+1
0x013C	0x0E04      	MOVLW       4
0x013E	0x6EE6      	MOVWF       POSTINC1 
0x0140	0xF000C02B  	MOVFF       _I2C1_Timeout_Ptr, R0
0x0144	0xF001C02C  	MOVFF       _I2C1_Timeout_Ptr+1, R1
0x0148	0xDF70      	RCALL       _____DoIFC
;__Lib_I2C_b10.c,154 :: 		
0x014A	0x0E01      	MOVLW       1
0x014C	0x6E00      	MOVWF       R0 
0x014E	0xD037      	BRA         L_end_I2C1_Wr
;__Lib_I2C_b10.c,155 :: 		
L_I2C1_Wr29:
;__Lib_I2C_b10.c,156 :: 		
0x0150	0x0E01      	MOVLW       1
0x0152	0x5E5C      	SUBWF       I2C1_Wr_timeout_L0, 1 
0x0154	0x0E00      	MOVLW       0
0x0156	0x5A5D      	SUBWFB      I2C1_Wr_timeout_L0+1, 1 
0x0158	0x5A5E      	SUBWFB      I2C1_Wr_timeout_L0+2, 1 
0x015A	0x5A5F      	SUBWFB      I2C1_Wr_timeout_L0+3, 1 
;__Lib_I2C_b10.c,157 :: 		
L_I2C1_Wr28:
;__Lib_I2C_b10.c,158 :: 		
0x015C	0xD7DF      	BRA         L_I2C1_Wr26
L_I2C1_Wr27:
;__Lib_I2C_b10.c,160 :: 		
0x015E	0xF05CC015  	MOVFF       __Lib_I2C_b10__I2C1_TIMEOUT, I2C1_Wr_timeout_L0
0x0162	0xF05DC016  	MOVFF       __Lib_I2C_b10__I2C1_TIMEOUT+1, I2C1_Wr_timeout_L0+1
0x0166	0xF05EC017  	MOVFF       __Lib_I2C_b10__I2C1_TIMEOUT+2, I2C1_Wr_timeout_L0+2
0x016A	0xF05FC018  	MOVFF       __Lib_I2C_b10__I2C1_TIMEOUT+3, I2C1_Wr_timeout_L0+3
;__Lib_I2C_b10.c,162 :: 		
L_I2C1_Wr30:
0x016E	0xB69E      	BTFSC       PIR1, 3 
0x0170	0xD01F      	BRA         L_I2C1_Wr31
;__Lib_I2C_b10.c,164 :: 		
0x0172	0x5015      	MOVF        __Lib_I2C_b10__I2C1_TIMEOUT, 0 
0x0174	0x1016      	IORWF       __Lib_I2C_b10__I2C1_TIMEOUT+1, 0 
0x0176	0x1017      	IORWF       __Lib_I2C_b10__I2C1_TIMEOUT+2, 0 
0x0178	0x1018      	IORWF       __Lib_I2C_b10__I2C1_TIMEOUT+3, 0 
0x017A	0xE019      	BZ          L_I2C1_Wr32
;__Lib_I2C_b10.c,166 :: 		
0x017C	0x505C      	MOVF        I2C1_Wr_timeout_L0, 0 
0x017E	0x105D      	IORWF       I2C1_Wr_timeout_L0+1, 0 
0x0180	0x105E      	IORWF       I2C1_Wr_timeout_L0+2, 0 
0x0182	0x105F      	IORWF       I2C1_Wr_timeout_L0+3, 0 
0x0184	0xE10E      	BNZ         L_I2C1_Wr33
;__Lib_I2C_b10.c,168 :: 		
0x0186	0xFFE1C02D  	MOVFF       _I2C1_Timeout_Ptr+2, FSR1
0x018A	0xFFE2C02E  	MOVFF       _I2C1_Timeout_Ptr+3, FSR1+1
0x018E	0x0E04      	MOVLW       4
0x0190	0x6EE6      	MOVWF       POSTINC1 
0x0192	0xF000C02B  	MOVFF       _I2C1_Timeout_Ptr, R0
0x0196	0xF001C02C  	MOVFF       _I2C1_Timeout_Ptr+1, R1
0x019A	0xDF47      	RCALL       _____DoIFC
;__Lib_I2C_b10.c,169 :: 		
0x019C	0x0E01      	MOVLW       1
0x019E	0x6E00      	MOVWF       R0 
0x01A0	0xD00E      	BRA         L_end_I2C1_Wr
;__Lib_I2C_b10.c,170 :: 		
L_I2C1_Wr33:
;__Lib_I2C_b10.c,171 :: 		
0x01A2	0x0E01      	MOVLW       1
0x01A4	0x5E5C      	SUBWF       I2C1_Wr_timeout_L0, 1 
0x01A6	0x0E00      	MOVLW       0
0x01A8	0x5A5D      	SUBWFB      I2C1_Wr_timeout_L0+1, 1 
0x01AA	0x5A5E      	SUBWFB      I2C1_Wr_timeout_L0+2, 1 
0x01AC	0x5A5F      	SUBWFB      I2C1_Wr_timeout_L0+3, 1 
;__Lib_I2C_b10.c,172 :: 		
L_I2C1_Wr32:
;__Lib_I2C_b10.c,173 :: 		
0x01AE	0xD7DF      	BRA         L_I2C1_Wr30
L_I2C1_Wr31:
;__Lib_I2C_b10.c,175 :: 		
0x01B0	0xBCC5      	BTFSC       SSPCON2, 6 
0x01B2	0xD002      	BRA         L_I2C1_Wr34
;__Lib_I2C_b10.c,176 :: 		
0x01B4	0x6A00      	CLRF        R0 
0x01B6	0xD003      	BRA         L_end_I2C1_Wr
;__Lib_I2C_b10.c,177 :: 		
L_I2C1_Wr34:
;__Lib_I2C_b10.c,179 :: 		
0x01B8	0x84C5      	BSF         SSPCON2, 2 
;__Lib_I2C_b10.c,180 :: 		
0x01BA	0x0E02      	MOVLW       2
0x01BC	0x6E00      	MOVWF       R0 
;__Lib_I2C_b10.c,182 :: 		
L_end_I2C1_Wr:
0x01BE	0x0012      	RETURN      0
; end of _I2C1_Wr
_I2C1_Stop:
;__Lib_I2C_b10.c,185 :: 		
;__Lib_I2C_b10.c,186 :: 		
0x01C0	0x84C5      	BSF         SSPCON2, 2 
;__Lib_I2C_b10.c,187 :: 		
L_end_I2C1_Stop:
0x01C2	0x0012      	RETURN      0
; end of _I2C1_Stop
_I2C1_Init:
;__Lib_I2C_b10.c,189 :: 		
;__Lib_I2C_b10.c,191 :: 		
0x01C4	0x0E42      	MOVLW       _I2C1_Is_Idle
0x01C6	0x6E2F      	MOVWF       _I2C_Is_Idle_Ptr 
0x01C8	0x0E00      	MOVLW       hi_addr(_I2C1_Is_Idle)
0x01CA	0x6E30      	MOVWF       _I2C_Is_Idle_Ptr+1 
0x01CC	0x0E00      	MOVLW       0
0x01CE	0x6E31      	MOVWF       _I2C_Is_Idle_Ptr+2 
0x01D0	0x0E00      	MOVLW       0
0x01D2	0x6E32      	MOVWF       _I2C_Is_Idle_Ptr+3 
;__Lib_I2C_b10.c,192 :: 		
0x01D4	0x0E7A      	MOVLW       _I2C1_Start
0x01D6	0x6E37      	MOVWF       _I2C_Start_Ptr 
0x01D8	0x0E00      	MOVLW       hi_addr(_I2C1_Start)
0x01DA	0x6E38      	MOVWF       _I2C_Start_Ptr+1 
0x01DC	0x0E00      	MOVLW       0
0x01DE	0x6E39      	MOVWF       _I2C_Start_Ptr+2 
0x01E0	0x0E00      	MOVLW       0
0x01E2	0x6E3A      	MOVWF       _I2C_Start_Ptr+3 
;__Lib_I2C_b10.c,193 :: 		
0x01E4	0x0EFF      	MOVLW       _I2C1_Repeated_Start
0x01E6	0x6E33      	MOVWF       _I2C_Restart_Ptr 
0x01E8	0x0EFF      	MOVLW       hi_addr(_I2C1_Repeated_Start)
0x01EA	0x6E34      	MOVWF       _I2C_Restart_Ptr+1 
0x01EC	0x0E00      	MOVLW       0
0x01EE	0x6E35      	MOVWF       _I2C_Restart_Ptr+2 
0x01F0	0x0E00      	MOVLW       0
0x01F2	0x6E36      	MOVWF       _I2C_Restart_Ptr+3 
;__Lib_I2C_b10.c,194 :: 		
0x01F4	0x0EFF      	MOVLW       _I2C1_Rd
0x01F6	0x6E4F      	MOVWF       _I2C_Read_Ptr 
0x01F8	0x0EFF      	MOVLW       hi_addr(_I2C1_Rd)
0x01FA	0x6E50      	MOVWF       _I2C_Read_Ptr+1 
0x01FC	0x0EFF      	MOVLW       FARG_I2C1_Rd_ack
0x01FE	0x6E51      	MOVWF       _I2C_Read_Ptr+2 
0x0200	0x0EFF      	MOVLW       hi_addr(FARG_I2C1_Rd_ack)
0x0202	0x6E52      	MOVWF       _I2C_Read_Ptr+3 
;__Lib_I2C_b10.c,195 :: 		
0x0204	0x0E06      	MOVLW       _I2C1_Wr
0x0206	0x6E53      	MOVWF       _I2C_Write_Ptr 
0x0208	0x0E01      	MOVLW       hi_addr(_I2C1_Wr)
0x020A	0x6E54      	MOVWF       _I2C_Write_Ptr+1 
0x020C	0x0E5B      	MOVLW       FARG_I2C1_Wr_data_
0x020E	0x6E55      	MOVWF       _I2C_Write_Ptr+2 
0x0210	0x0E00      	MOVLW       hi_addr(FARG_I2C1_Wr_data_)
0x0212	0x6E56      	MOVWF       _I2C_Write_Ptr+3 
;__Lib_I2C_b10.c,196 :: 		
0x0214	0x0EC0      	MOVLW       _I2C1_Stop
0x0216	0x6E3F      	MOVWF       _I2C_Stop_Ptr 
0x0218	0x0E01      	MOVLW       hi_addr(_I2C1_Stop)
0x021A	0x6E40      	MOVWF       _I2C_Stop_Ptr+1 
0x021C	0x0E00      	MOVLW       0
0x021E	0x6E41      	MOVWF       _I2C_Stop_Ptr+2 
0x0220	0x0E00      	MOVLW       0
0x0222	0x6E42      	MOVWF       _I2C_Stop_Ptr+3 
;__Lib_I2C_b10.c,203 :: 		
0x0224	0x9093      	BCF         TRISB0_bit, BitPos(TRISB0_bit+0) 
;__Lib_I2C_b10.c,204 :: 		
0x0226	0x9293      	BCF         TRISB1_bit, BitPos(TRISB1_bit+0) 
;__Lib_I2C_b10.c,207 :: 		
0x0228	0x908A      	BCF         LATB0_bit, BitPos(LATB0_bit+0) 
;__Lib_I2C_b10.c,208 :: 		
0x022A	0x928A      	BCF         LATB1_bit, BitPos(LATB1_bit+0) 
;__Lib_I2C_b10.c,211 :: 		
0x022C	0x8093      	BSF         TRISB0_bit, BitPos(TRISB0_bit+0) 
;__Lib_I2C_b10.c,212 :: 		
0x022E	0x8293      	BSF         TRISB1_bit, BitPos(TRISB1_bit+0) 
;__Lib_I2C_b10.c,214 :: 		
0x0230	0x9EC7      	BCF         SSPSTAT, 7 
;__Lib_I2C_b10.c,215 :: 		
0x0232	0x9CC7      	BCF         SSPSTAT, 6 
;__Lib_I2C_b10.c,216 :: 		
0x0234	0x0E38      	MOVLW       56
0x0236	0x6EC6      	MOVWF       SSPCON1 
;__Lib_I2C_b10.c,219 :: 		
L_end_I2C1_Init:
0x0238	0x0012      	RETURN      0
; end of _I2C1_Init
___CC2DW:
;__Lib_System.c,21 :: 		
;__Lib_System.c,23 :: 		
_CC2DL_Loop1:
;__Lib_System.c,24 :: 		
0x023A	0x0009      	TBLRD*+
;__Lib_System.c,25 :: 		
0x023C	0xFFE6CFF5  	MOVFF       TABLAT, POSTINC1
;__Lib_System.c,26 :: 		
0x0240	0x0600      	DECF        R0, 1, 0
;__Lib_System.c,27 :: 		
0x0242	0xE1FB      	BNZ         _CC2DL_Loop1
;__Lib_System.c,28 :: 		
0x0244	0x0601      	DECF        R1, 1, 0
;__Lib_System.c,29 :: 		
0x0246	0xE1F9      	BNZ         _CC2DL_Loop1
;__Lib_System.c,31 :: 		
L_end___CC2DW:
0x0248	0x0012      	RETURN      0
; end of ___CC2DW
_UART1_Init:
;__Lib_UART_c67.c,15 :: 		
;__Lib_UART_c67.c,18 :: 		
0x024A	0x0E1C      	MOVLW       _UART1_Write
0x024C	0x6E47      	MOVWF       _UART_Wr_Ptr 
0x024E	0x0E00      	MOVLW       hi_addr(_UART1_Write)
0x0250	0x6E48      	MOVWF       _UART_Wr_Ptr+1 
0x0252	0x0E60      	MOVLW       FARG_UART1_Write_data_
0x0254	0x6E49      	MOVWF       _UART_Wr_Ptr+2 
0x0256	0x0E00      	MOVLW       hi_addr(FARG_UART1_Write_data_)
0x0258	0x6E4A      	MOVWF       _UART_Wr_Ptr+3 
;__Lib_UART_c67.c,19 :: 		
0x025A	0x0EFF      	MOVLW       _UART1_Read
0x025C	0x6E4B      	MOVWF       _UART_Rd_Ptr 
0x025E	0x0EFF      	MOVLW       hi_addr(_UART1_Read)
0x0260	0x6E4C      	MOVWF       _UART_Rd_Ptr+1 
0x0262	0x0E00      	MOVLW       0
0x0264	0x6E4D      	MOVWF       _UART_Rd_Ptr+2 
0x0266	0x0E00      	MOVLW       0
0x0268	0x6E4E      	MOVWF       _UART_Rd_Ptr+3 
;__Lib_UART_c67.c,20 :: 		
0x026A	0x0EFF      	MOVLW       _UART1_Data_Ready
0x026C	0x6E43      	MOVWF       _UART_Rdy_Ptr 
0x026E	0x0EFF      	MOVLW       hi_addr(_UART1_Data_Ready)
0x0270	0x6E44      	MOVWF       _UART_Rdy_Ptr+1 
0x0272	0x0E00      	MOVLW       0
0x0274	0x6E45      	MOVWF       _UART_Rdy_Ptr+2 
0x0276	0x0E00      	MOVLW       0
0x0278	0x6E46      	MOVWF       _UART_Rdy_Ptr+3 
;__Lib_UART_c67.c,21 :: 		
0x027A	0x0EFF      	MOVLW       _UART1_Tx_Idle
0x027C	0x6E3B      	MOVWF       _UART_Tx_Idle_Ptr 
0x027E	0x0EFF      	MOVLW       hi_addr(_UART1_Tx_Idle)
0x0280	0x6E3C      	MOVWF       _UART_Tx_Idle_Ptr+1 
0x0282	0x0E00      	MOVLW       0
0x0284	0x6E3D      	MOVWF       _UART_Tx_Idle_Ptr+2 
0x0286	0x0E00      	MOVLW       0
0x0288	0x6E3E      	MOVWF       _UART_Tx_Idle_Ptr+3 
;__Lib_UART_c67.c,23 :: 		
0x028A	0x8AAC      	BSF         TXSTA, 5 
;__Lib_UART_c67.c,24 :: 		
0x028C	0x0E90      	MOVLW       144
0x028E	0x6EAB      	MOVWF       RCSTA 
;__Lib_UART_c67.c,25 :: 		
0x0290	0x8E94      	BSF         TRISC7_bit, BitPos(TRISC7_bit+0) 
;__Lib_UART_c67.c,26 :: 		
0x0292	0x9C94      	BCF         TRISC6_bit, BitPos(TRISC6_bit+0) 
;__Lib_UART_c67.c,28 :: 		
L_UART1_Init0:
0x0294	0xAA9E      	BTFSS       PIR1, 5 
0x0296	0xD003      	BRA         L_UART1_Init1
;__Lib_UART_c67.c,29 :: 		
0x0298	0xF000CFAE  	MOVFF       RCREG, R0
0x029C	0xD7FB      	BRA         L_UART1_Init0
L_UART1_Init1:
;__Lib_UART_c67.c,30 :: 		
L_end_UART1_Init:
0x029E	0x0012      	RETURN      0
; end of _UART1_Init
_UART1_Write_Text:
;__Lib_UART_c67.c,66 :: 		
;__Lib_UART_c67.c,67 :: 		
0x02A0	0x6A5A      	CLRF        UART1_Write_Text_counter_L0 
;__Lib_UART_c67.c,69 :: 		
0x02A2	0xFFE9C057  	MOVFF       FARG_UART1_Write_Text_uart_text, FSR0L
0x02A6	0xFFEAC058  	MOVFF       FARG_UART1_Write_Text_uart_text+1, FSR0H
0x02AA	0xF059CFEE  	MOVFF       POSTINC0, UART1_Write_Text_data__L0
;__Lib_UART_c67.c,70 :: 		
L_UART1_Write_Text5:
0x02AE	0x5059      	MOVF        UART1_Write_Text_data__L0, 0 
0x02B0	0x0A00      	XORLW       0
0x02B2	0xE00D      	BZ          L_UART1_Write_Text6
;__Lib_UART_c67.c,71 :: 		
0x02B4	0xF060C059  	MOVFF       UART1_Write_Text_data__L0, FARG_UART1_Write_data_
0x02B8	0xDEB1      	RCALL       _UART1_Write
;__Lib_UART_c67.c,72 :: 		
0x02BA	0x2A5A      	INCF        UART1_Write_Text_counter_L0, 1 
;__Lib_UART_c67.c,73 :: 		
0x02BC	0x505A      	MOVF        UART1_Write_Text_counter_L0, 0 
0x02BE	0x2457      	ADDWF       FARG_UART1_Write_Text_uart_text, 0 
0x02C0	0x6EE9      	MOVWF       FSR0L 
0x02C2	0x0E00      	MOVLW       0
0x02C4	0x2058      	ADDWFC      FARG_UART1_Write_Text_uart_text+1, 0 
0x02C6	0x6EEA      	MOVWF       FSR0L+1 
0x02C8	0xF059CFEE  	MOVFF       POSTINC0, UART1_Write_Text_data__L0
;__Lib_UART_c67.c,74 :: 		
0x02CC	0xD7F0      	BRA         L_UART1_Write_Text5
L_UART1_Write_Text6:
;__Lib_UART_c67.c,75 :: 		
L_end_UART1_Write_Text:
0x02CE	0x0012      	RETURN      0
; end of _UART1_Write_Text
_Escribir_Hora:
;confreloj.h,1 :: 		void Escribir_Hora(unsigned char direccion_esclavo,unsigned char direccion_memoria, unsigned char dato){
;confreloj.h,3 :: 		I2C1_Start();
0x02D0	0xDED4      	RCALL       _I2C1_Start
;confreloj.h,4 :: 		I2C1_Wr(direccion_esclavo);
0x02D2	0xF05BC057  	MOVFF       FARG_Escribir_Hora_direccion_esclavo, FARG_I2C1_Wr_data_
0x02D6	0xDF17      	RCALL       _I2C1_Wr
;confreloj.h,5 :: 		I2C1_Wr(direccion_memoria);
0x02D8	0xF05BC058  	MOVFF       FARG_Escribir_Hora_direccion_memoria, FARG_I2C1_Wr_data_
0x02DC	0xDF14      	RCALL       _I2C1_Wr
;confreloj.h,6 :: 		I2C1_Wr(dato);
0x02DE	0xF05BC059  	MOVFF       FARG_Escribir_Hora_dato, FARG_I2C1_Wr_data_
0x02E2	0xDF11      	RCALL       _I2C1_Wr
;confreloj.h,7 :: 		I2C1_Stop();
0x02E4	0xDF6D      	RCALL       _I2C1_Stop
;confreloj.h,8 :: 		}
L_end_Escribir_Hora:
0x02E6	0x0012      	RETURN      0
; end of _Escribir_Hora
_Dec2Bcd:
;__Lib_Conversions.c,353 :: 		
;__Lib_Conversions.c,354 :: 		
0x02E8	0x6A58      	CLRF        Dec2Bcd_tmp_L0 
;__Lib_Conversions.c,356 :: 		
0x02EA	0x5057      	MOVF        FARG_Dec2Bcd_decnum, 0 
0x02EC	0x0809      	SUBLW       9
0x02EE	0xE21B      	BC          L_Dec2Bcd78
;__Lib_Conversions.c,357 :: 		
0x02F0	0x0E0A      	MOVLW       10
0x02F2	0x6E04      	MOVWF       R4 
0x02F4	0xF000C057  	MOVFF       FARG_Dec2Bcd_decnum, R0
0x02F8	0xDEB1      	RCALL       _Div_8X8_U
0x02FA	0xF058C000  	MOVFF       R0, Dec2Bcd_tmp_L0
;__Lib_Conversions.c,358 :: 		
0x02FE	0xF058C000  	MOVFF       R0, Dec2Bcd_tmp_L0
0x0302	0x3658      	RLCF        Dec2Bcd_tmp_L0, 1 
0x0304	0x9058      	BCF         Dec2Bcd_tmp_L0, 0 
0x0306	0x3658      	RLCF        Dec2Bcd_tmp_L0, 1 
0x0308	0x9058      	BCF         Dec2Bcd_tmp_L0, 0 
0x030A	0x3658      	RLCF        Dec2Bcd_tmp_L0, 1 
0x030C	0x9058      	BCF         Dec2Bcd_tmp_L0, 0 
0x030E	0x3658      	RLCF        Dec2Bcd_tmp_L0, 1 
0x0310	0x9058      	BCF         Dec2Bcd_tmp_L0, 0 
;__Lib_Conversions.c,359 :: 		
0x0312	0x0E0A      	MOVLW       10
0x0314	0x6E04      	MOVWF       R4 
0x0316	0xF000C057  	MOVFF       FARG_Dec2Bcd_decnum, R0
0x031A	0xDEA0      	RCALL       _Div_8X8_U
0x031C	0xF000C008  	MOVFF       R8, R0
0x0320	0x5000      	MOVF        R0, 0 
0x0322	0x1258      	IORWF       Dec2Bcd_tmp_L0, 1 
;__Lib_Conversions.c,360 :: 		
0x0324	0xD002      	BRA         L_Dec2Bcd79
L_Dec2Bcd78:
;__Lib_Conversions.c,361 :: 		
0x0326	0xF058C057  	MOVFF       FARG_Dec2Bcd_decnum, Dec2Bcd_tmp_L0
L_Dec2Bcd79:
;__Lib_Conversions.c,362 :: 		
0x032A	0xF000C058  	MOVFF       Dec2Bcd_tmp_L0, R0
;__Lib_Conversions.c,363 :: 		
L_end_Dec2Bcd:
0x032E	0x0012      	RETURN      0
; end of _Dec2Bcd
_main:
0x0330	0xF002EC04  	CALL        1032, 0
;Maestro.c,24 :: 		void main() {
;Maestro.c,26 :: 		UART1_Init(9600);
0x0334	0x86B8      	BSF         BAUDCON, 3, 0
0x0336	0x6AB0      	CLRF        SPBRGH 
0x0338	0x0E67      	MOVLW       103
0x033A	0x6EAF      	MOVWF       SPBRG 
0x033C	0x84AC      	BSF         TXSTA, 2, 0
0x033E	0xDF85      	RCALL       _UART1_Init
;Maestro.c,27 :: 		I2C1_Init(100000);
0x0340	0x0E0A      	MOVLW       10
0x0342	0x6EC8      	MOVWF       SSPADD 
0x0344	0xDF3F      	RCALL       _I2C1_Init
;Maestro.c,29 :: 		OSCCON.B6=1;
0x0346	0x8CD3      	BSF         OSCCON, 6 
;Maestro.c,30 :: 		OSCCON.B5=1; //Oscilador interno a 4MHZ
0x0348	0x8AD3      	BSF         OSCCON, 5 
;Maestro.c,31 :: 		OSCCON.B4=0;
0x034A	0x98D3      	BCF         OSCCON, 4 
;Maestro.c,32 :: 		ADCON1=15;  //Convertidor analogo digital apagado
0x034C	0x0E0F      	MOVLW       15
0x034E	0x6EC1      	MOVWF       ADCON1 
;Maestro.c,34 :: 		Escribir_Hora(0xD0,0,Dec2Bcd(55)); //Segundos
0x0350	0x0E37      	MOVLW       55
0x0352	0x6E57      	MOVWF       FARG_Dec2Bcd_decnum 
0x0354	0xDFC9      	RCALL       _Dec2Bcd
0x0356	0xF059C000  	MOVFF       R0, FARG_Escribir_Hora_dato
0x035A	0x0ED0      	MOVLW       208
0x035C	0x6E57      	MOVWF       FARG_Escribir_Hora_direccion_esclavo 
0x035E	0x6A58      	CLRF        FARG_Escribir_Hora_direccion_memoria 
0x0360	0xDFB7      	RCALL       _Escribir_Hora
;Maestro.c,35 :: 		Escribir_Hora(0xD0,1,Dec2Bcd(35)); //Minutos
0x0362	0x0E23      	MOVLW       35
0x0364	0x6E57      	MOVWF       FARG_Dec2Bcd_decnum 
0x0366	0xDFC0      	RCALL       _Dec2Bcd
0x0368	0xF059C000  	MOVFF       R0, FARG_Escribir_Hora_dato
0x036C	0x0ED0      	MOVLW       208
0x036E	0x6E57      	MOVWF       FARG_Escribir_Hora_direccion_esclavo 
0x0370	0x0E01      	MOVLW       1
0x0372	0x6E58      	MOVWF       FARG_Escribir_Hora_direccion_memoria 
0x0374	0xDFAD      	RCALL       _Escribir_Hora
;Maestro.c,36 :: 		Escribir_Hora(0xD0,2,(Dec2Bcd(21))); //Hora
0x0376	0x0E15      	MOVLW       21
0x0378	0x6E57      	MOVWF       FARG_Dec2Bcd_decnum 
0x037A	0xDFB6      	RCALL       _Dec2Bcd
0x037C	0xF059C000  	MOVFF       R0, FARG_Escribir_Hora_dato
0x0380	0x0ED0      	MOVLW       208
0x0382	0x6E57      	MOVWF       FARG_Escribir_Hora_direccion_esclavo 
0x0384	0x0E02      	MOVLW       2
0x0386	0x6E58      	MOVWF       FARG_Escribir_Hora_direccion_memoria 
0x0388	0xDFA3      	RCALL       _Escribir_Hora
;Maestro.c,38 :: 		TRISA=0b11111111;
0x038A	0x0EFF      	MOVLW       255
0x038C	0x6E92      	MOVWF       TRISA 
;Maestro.c,40 :: 		while(1){
L_main0:
;Maestro.c,43 :: 		if (SS1_1==0 || SS3_1==0 ){
0x038E	0xA080      	BTFSS       RA0_bit, BitPos(RA0_bit+0) 
0x0390	0xD003      	BRA         L__main11
0x0392	0xA480      	BTFSS       RA2_bit, BitPos(RA2_bit+0) 
0x0394	0xD001      	BRA         L__main11
0x0396	0xD008      	BRA         L_main4
L__main11:
;Maestro.c,44 :: 		AltoTrafico2=1;
0x0398	0x0E01      	MOVLW       1
0x039A	0x6E1B      	MOVWF       _AltoTrafico2 
0x039C	0x0E00      	MOVLW       0
0x039E	0x6E1C      	MOVWF       _AltoTrafico2+1 
;Maestro.c,45 :: 		AltoTrafico=0;
0x03A0	0x6A19      	CLRF        _AltoTrafico 
0x03A2	0x6A1A      	CLRF        _AltoTrafico+1 
;Maestro.c,46 :: 		x1=0;
0x03A4	0x6A1D      	CLRF        _x1 
0x03A6	0x6A1E      	CLRF        _x1+1 
;Maestro.c,47 :: 		}
L_main4:
;Maestro.c,49 :: 		if (SS2_1==0 || SS4_1==0){
0x03A8	0xA280      	BTFSS       RA1_bit, BitPos(RA1_bit+0) 
0x03AA	0xD003      	BRA         L__main10
0x03AC	0xA680      	BTFSS       RA3_bit, BitPos(RA3_bit+0) 
0x03AE	0xD001      	BRA         L__main10
0x03B0	0xD008      	BRA         L_main7
L__main10:
;Maestro.c,50 :: 		AltoTrafico2=0;
0x03B2	0x6A1B      	CLRF        _AltoTrafico2 
0x03B4	0x6A1C      	CLRF        _AltoTrafico2+1 
;Maestro.c,51 :: 		AltoTrafico=1;
0x03B6	0x0E01      	MOVLW       1
0x03B8	0x6E19      	MOVWF       _AltoTrafico 
0x03BA	0x0E00      	MOVLW       0
0x03BC	0x6E1A      	MOVWF       _AltoTrafico+1 
;Maestro.c,52 :: 		x1=0;
0x03BE	0x6A1D      	CLRF        _x1 
0x03C0	0x6A1E      	CLRF        _x1+1 
;Maestro.c,53 :: 		}
L_main7:
;Maestro.c,83 :: 		if(AltoTrafico==1){
0x03C2	0x0E00      	MOVLW       0
0x03C4	0x181A      	XORWF       _AltoTrafico+1, 0 
0x03C6	0xE102      	BNZ         L__main16
0x03C8	0x0E01      	MOVLW       1
0x03CA	0x1819      	XORWF       _AltoTrafico, 0 
L__main16:
0x03CC	0xE105      	BNZ         L_main8
;Maestro.c,85 :: 		UART1_Write_Text("pare*");
0x03CE	0x0E25      	MOVLW       ?lstr1_Maestro
0x03D0	0x6E57      	MOVWF       FARG_UART1_Write_Text_uart_text 
0x03D2	0x0E00      	MOVLW       hi_addr(?lstr1_Maestro)
0x03D4	0x6E58      	MOVWF       FARG_UART1_Write_Text_uart_text+1 
0x03D6	0xDF64      	RCALL       _UART1_Write_Text
;Maestro.c,88 :: 		}
L_main8:
;Maestro.c,90 :: 		if(AltoTrafico2==1){
0x03D8	0x0E00      	MOVLW       0
0x03DA	0x181C      	XORWF       _AltoTrafico2+1, 0 
0x03DC	0xE102      	BNZ         L__main17
0x03DE	0x0E01      	MOVLW       1
0x03E0	0x181B      	XORWF       _AltoTrafico2, 0 
L__main17:
0x03E2	0xE105      	BNZ         L_main9
;Maestro.c,92 :: 		UART1_Write_Text("siga*");
0x03E4	0x0E1F      	MOVLW       ?lstr2_Maestro
0x03E6	0x6E57      	MOVWF       FARG_UART1_Write_Text_uart_text 
0x03E8	0x0E00      	MOVLW       hi_addr(?lstr2_Maestro)
0x03EA	0x6E58      	MOVWF       FARG_UART1_Write_Text_uart_text+1 
0x03EC	0xDF59      	RCALL       _UART1_Write_Text
;Maestro.c,95 :: 		}
L_main9:
;Maestro.c,96 :: 		}
0x03EE	0xD7CF      	BRA         L_main0
;Maestro.c,97 :: 		}
L_end_main:
0x03F0	0xD7FF      	BRA         $+0
; end of _main
0x0408	0xF015EE10  	LFSR        1, 21
0x040C	0x0E16      	MOVLW       22
0x040E	0x6E00      	MOVWF       R0 
0x0410	0x0E01      	MOVLW       1
0x0412	0x6E01      	MOVWF       R1 
0x0414	0x0EF2      	MOVLW       242
0x0416	0x6EF6      	MOVWF       TBLPTR 
0x0418	0x0E03      	MOVLW       3
0x041A	0x6EF7      	MOVWF       TBLPTRH 
0x041C	0x0E00      	MOVLW       0
0x041E	0x6EF8      	MOVWF       TBLPTRU 
0x0420	0xF001EC1D  	CALL        570, 0
0x0424	0x0012      	RETURN      0
;__Lib_I2C_b10.c,0 :: ?ICS__Lib_I2C_b10__I2C1_TIMEOUT
0x03F2	0x0000 ;?ICS__Lib_I2C_b10__I2C1_TIMEOUT+0
0x03F4	0x0000 ;?ICS__Lib_I2C_b10__I2C1_TIMEOUT+2
; end of ?ICS__Lib_I2C_b10__I2C1_TIMEOUT
;Maestro.c,0 :: ?ICS_AltoTrafico
0x03F6	0x0000 ;?ICS_AltoTrafico+0
; end of ?ICS_AltoTrafico
;Maestro.c,0 :: ?ICS_AltoTrafico2
0x03F8	0x0000 ;?ICS_AltoTrafico2+0
; end of ?ICS_AltoTrafico2
;Maestro.c,0 :: ?ICS_x1
0x03FA	0x0000 ;?ICS_x1+0
; end of ?ICS_x1
;Maestro.c,0 :: ?ICS?lstr2_Maestro
0x03FC	0x6973 ;?ICS?lstr2_Maestro+0
0x03FE	0x6167 ;?ICS?lstr2_Maestro+2
0x0400	0x002A ;?ICS?lstr2_Maestro+4
; end of ?ICS?lstr2_Maestro
;Maestro.c,0 :: ?ICS?lstr1_Maestro
0x0402	0x6170 ;?ICS?lstr1_Maestro+0
0x0404	0x6572 ;?ICS?lstr1_Maestro+2
0x0406	0x002A ;?ICS?lstr1_Maestro+4
; end of ?ICS?lstr1_Maestro
Symbol List:
//** Routines locations **
//ADDRESS    SIZE    PROCEDURE
//----------------------------------------------
0x001C      [14]    _UART1_Write
0x002A      [24]    _____DoIFC
0x0042      [26]    _I2C1_Is_Idle
0x005C      [30]    _Div_8X8_U
0x007A     [140]    _I2C1_Start
0x0106     [186]    _I2C1_Wr
0x01C0       [4]    _I2C1_Stop
0x01C4     [118]    _I2C1_Init
0x023A      [16]    ___CC2DW
0x024A      [86]    _UART1_Init
0x02A0      [48]    _UART1_Write_Text
0x02D0      [24]    _Escribir_Hora
0x02E8      [72]    _Dec2Bcd
0x0330     [194]    _main
//** Variables locations ** 
//ADDRESS    SIZE    VARIABLE
//----------------------------------------------
0x0000       [1]    R0
0x0000       [1]    UART1_Init_tmp_L0
0x0001       [1]    __Lib_Conversions_Adjust_Hex_tmp_L0
0x0001       [1]    UART1_Read___tmp_UART1_Read_L0
0x0001       [1]    R1
0x0002       [2]    memchr_s_L0
0x0002       [1]    R2
0x0002       [2]    strlen_cp_L0
0x0002       [2]    memcpy_dd_L0
0x0002       [2]    memset_pp_L0
0x0003       [2]    memmove_tt_L0
0x0003       [2]    Ltrim_original_L0
0x0003       [1]    R3
0x0004       [2]    strcpy_cp_L0
0x0004       [2]    strcat_cp_L0
0x0004       [2]    memcpy_ss_L0
0x0004       [2]    strncat_cp_L0
0x0004       [2]    strncpy_cp_L0
0x0004       [1]    R4
0x0005       [2]    Ltrim_p_L0
0x0005       [2]    LongWordToHex_input_half_L0
0x0005       [1]    R5
0x0005       [2]    LongIntToHex_input_half_L0
0x0005       [2]    memmove_ff_L0
0x0006       [1]    R6
0x0007       [1]    R7
0x0008       [1]    R8
0x0009       [1]    R9
0x000A       [1]    R10
0x000B       [1]    R11
0x000C       [1]    R12
0x000D       [1]    R13
0x000E       [1]    R14
0x000F       [1]    R15
0x0010       [1]    R16
0x0011       [1]    R17
0x0012       [1]    R18
0x0013       [1]    R19
0x0014       [1]    R20
0x0015       [4]    __Lib_I2C_b10__I2C1_TIMEOUT
0x0019       [2]    _AltoTrafico
0x001B       [2]    _AltoTrafico2
0x001D       [2]    _x1
0x001F       [6]    ?lstr2_Maestro
0x0025       [6]    ?lstr1_Maestro
0x002B       [4]    _I2C1_Timeout_Ptr
0x002F       [4]    _I2C_Is_Idle_Ptr
0x0033       [4]    _I2C_Restart_Ptr
0x0037       [4]    _I2C_Start_Ptr
0x003B       [4]    _UART_Tx_Idle_Ptr
0x003F       [4]    _I2C_Stop_Ptr
0x0043       [4]    _UART_Rdy_Ptr
0x0047       [4]    _UART_Wr_Ptr
0x004B       [4]    _UART_Rd_Ptr
0x004F       [4]    _I2C_Read_Ptr
0x0053       [4]    _I2C_Write_Ptr
0x0057       [4]    FARG_I2C1_Init_clock
0x0057       [1]    FARG_Escribir_Hora_direccion_esclavo
0x0057       [2]    FARG_UART1_Write_Text_uart_text
0x0057       [1]    FARG_Dec2Bcd_decnum
0x0058       [1]    FARG_Escribir_Hora_direccion_memoria
0x0058       [1]    Dec2Bcd_tmp_L0
0x0059       [1]    UART1_Write_Text_data__L0
0x0059       [1]    FARG_Escribir_Hora_dato
0x005A       [1]    UART1_Write_Text_counter_L0
0x005B       [1]    FARG_I2C1_Wr_data_
0x005B       [2]    I2C1_Start_j_L0
0x005C       [4]    I2C1_Wr_timeout_L0
0x0060       [1]    FARG_UART1_Write_data_
0x0061       [4]    I2C1_Start_timeout_L0
0x0F80       [0]    RA2_bit
0x0F80       [0]    RA0_bit
0x0F80       [0]    RA1_bit
0x0F80       [0]    RA3_bit
0x0F8A       [0]    LATB1_bit
0x0F8A       [0]    LATB0_bit
0x0F92       [1]    TRISA
0x0F93       [0]    TRISB0_bit
0x0F93       [0]    TRISB1_bit
0x0F94       [0]    TRISC7_bit
0x0F94       [0]    TRISC6_bit
0x0F9E       [1]    PIR1
0x0FAB       [1]    RCSTA
0x0FAC       [1]    TXSTA
0x0FAD       [1]    TXREG
0x0FAE       [1]    RCREG
0x0FAF       [1]    SPBRG
0x0FB0       [1]    SPBRGH
0x0FB8       [1]    BAUDCON
0x0FC1       [1]    ADCON1
0x0FC5       [1]    SSPCON2
0x0FC6       [1]    SSPCON1
0x0FC7       [1]    SSPSTAT
0x0FC8       [1]    SSPADD
0x0FC9       [1]    SSPBUF
0x0FD3       [1]    OSCCON
0x0FD8       [1]    STATUS
0x0FD9       [1]    FSR2L
0x0FDA       [1]    FSR2H
0x0FDE       [1]    POSTINC2
0x0FE0       [1]    BSR
0x0FE1       [2]    FSR1
0x0FE1       [1]    FSR1L
0x0FE2       [1]    FSR1H
0x0FE4       [1]    PREINC1
0x0FE6       [1]    POSTINC1
0x0FE7       [1]    INDF1
0x0FE8       [1]    WREG
0x0FE9       [1]    FSR0L
0x0FEA       [1]    FSR0H
0x0FEE       [1]    POSTINC0
0x0FF2       [1]    INTCON
0x0FF3       [1]    PRODL
0x0FF4       [1]    PRODH
0x0FF5       [1]    TABLAT
0x0FF6       [1]    TBLPTRL
0x0FF6       [3]    TBLPTR
0x0FF7       [1]    TBLPTRH
0x0FF8       [1]    TBLPTRU
0x0FFD       [1]    TOSL
0x0FFE       [1]    TOSH
0x0FFF       [1]    TOSU
//** Constants locations ** 
//ADDRESS    SIZE    CONSTANT
//----------------------------------------------
0x03F2       [4]    ?ICS__Lib_I2C_b10__I2C1_TIMEOUT
0x03F6       [2]    ?ICS_AltoTrafico
0x03F8       [2]    ?ICS_AltoTrafico2
0x03FA       [2]    ?ICS_x1
0x03FC       [6]    ?ICS?lstr2_Maestro
0x0402       [6]    ?ICS?lstr1_Maestro
